=== [Debug] ===

=== design: my_complex_chip
=== unit: {'unit': 'MICRONS', 'percision': 1000}
=== diearea:
------ coor: [(1167225, 1471460), (-1167230, 1471460), (-1167230, 1311460), (-787875, 1311460), (-787875, -709450), (-204175, -709450), (-204175, -283565), (1005425, -283565), (1005425, -1471465), (1167225, -1471465)]
------ cw: False
------ t: [(-1167230, 1167225, 1471460, 1471460)]
------ b: [(-1167230, -787875, 1311460, 1311460), (-787875, -204175, -709450, -709450), (-204175, 1005425, -283565, -283565), (1005425, 1167225, -1471465, -1471465)]
------ l: [(-1167230, -1167230, 1311460, 1471460), (-787875, -787875, -709450, 1311460), (1005425, 1005425, -1471465, -283565)]
------ r: [(-204175, -204175, -709450, -283565)]
=== ndr:
------ rm_2w2s:
--------- style: HARD
--------- M1: {'width': 100, 'spacing': 100}
--------- M2: {'width': 100, 'spacing': 100}
--------- M3: {'width': 100, 'spacing': 100}
--------- M4: {'width': 100, 'spacing': 100}
--------- M5: {'width': 100, 'spacing': 100}
--------- M6: {'width': 100, 'spacing': 120}
--------- M7: {'width': 1000, 'spacing': 1000}
--------- AP: {'width': 4000, 'spacing': 4000}
------ SNPS_DefGenNDR_2:
--------- style: SOFT
--------- M1: {'width': 110}
--------- M2: {'width': 110}
--------- M3: {'width': 110}
--------- M4: {'width': 140}
--------- M5: {'width': 110}
--------- M6: {'width': 90}
=== comp:
=== net:
------ clk_net:
--------- pin:
----------- ('port', 'clk_in')
----------- ('pin', 'U_INV_0/A')
----------- ('pin', 'U_NAND2_1/A1')
----------- ('pin', 'U_DFF_2/CLK')
--------- shield: shieldNet1
--------- ndr: rm_2w2s
--------- status: ROUTED
--------- route:
----------- layer: metal1sgement:
------------- {'type': 'rv', 'coor': [5000, 5000, 490000, 495000]}
----------- layer: metal2sgement:
------------- {'type': 'vi', 'coor': [5000, 490000], 'name': 'VIA12'}
----------- layer: metal2sgement:
------------- {'type': 'rh', 'coor': [5000, 10000, 490000, 490000]}
----------- layer: metal2taper: defaultsgement:
------------- {'type': 'rv', 'coor': [10000, 10000, 489000, 490000]}
----------- layer: metal2sgement:
------------- {'type': 'rh', 'coor': [10000, 11000, 489000, 489000]}
--------- style: CLOCK

