dbg: VERSION 5.8 ;
dbg: DIVIDERCHAR "/" ;
dbg: BUSBITCHARS "[]" ;
dbg: DESIGN my_complex_chip ;
dbg: UNITS DISTANCE MICRONS 1000 ;
dbg: DIEAREA ( 0 0 ) ( 500000 500000 ) ;
dbg: ROWS 2 ;
dbg: - core_row_0 core_site 0 0 N DO 500 BY 1 STEP 1000 0 ;
dbg: - core_row_1 core_site 0 2000 N DO 500 BY 1 STEP 1000 0 ;
dbg: END ROWSCOMPONENTS 10 ;
dbg: - U_INV_0 INV+ PLACED ( 1000 0 ) N ;
dbg: - U_NAND2_1 NAND2X1+ PLACED ( 2000 0 ) S ;
dbg: - U_DFF_2 DFF+ PLACED ( 3000 2000 ) FN ;
dbg: - U_ADDER_MACRO ADDER_MACRO+ FIXED ( 100000 100000 ) R0 ;
dbg: + HALO 5000 5000 5000 5000 ;
dbg: - U_OR2_3 OR2X1+ UNPLACED ;
dbg: - U_MUX_4 MUX4X1+ PLACED ( 5000 0 ) R90 ;
dbg: - U_CLK_BUF_5 CLKBUF+ PLACED ( 15000 0 ) FE ;
dbg: - U_RESET_INV_6 INV+ PLACED ( 17000 0 ) FW ;
dbg: - U_XOR_7 XOR2X1+ PLACED ( 19000 2000 ) FS ;
dbg: - U_AND_8 AND2X1+ PLACED ( 21000 2000 ) R180 ;
dbg: END COMPONENTSPINS 4 ;
dbg: - clk_in+ DIRECTION INPUT ;
dbg: + USE SIGNAL ;
dbg: + PORT+ LAYER metal1 ( 0 0 ) ( 500 500 ) ;
dbg: + FIXED ( 5000 495000 ) N ;
dbg: - rst_n+ DIRECTION INPUT ;
dbg: + USE SIGNAL ;
dbg: + PORT+ LAYER metal2 ( 0 0 ) ( 500 500 ) ;
dbg: + FIXED ( 10000 495000 ) N ;
dbg: - data_out[0]+ DIRECTION OUTPUT ;
dbg: + USE SIGNAL ;
dbg: + PORT+ LAYER metal3 ( 0 0 ) ( 500 500 ) ;
dbg: + FIXED ( 495000 10000 ) E ;
dbg: - VDD_pad+ DIRECTION INOUT ;
dbg: + USE POWER ;
dbg: + SHAPE ABUTMENT ;
dbg: + PORT+ LAYER metal1 ( 0 0 ) ( 500 500000 ) ;
dbg: + FIXED ( 498000 0 ) E ;
dbg: END PINSNETS 3 ;
dbg: - clk_net+ NONDEFAULTRULE clk_wide_rule ;
dbg: + SOURCE CORE ;
dbg: + ROUTED metal1 ( 5000 495000 ) ( 5000 490000 )VIA12 ( 5000 490000 )metal2 ( 5000 490000 ) ( 10000 490000 )metal2 TAPER ( 10000 490000 ) ( 10000 489000 )metal2 ( 10000 489000 ) ( 11000 489000 ) W 200 ;
dbg: + CONNECTEDclk_inU_INV_0 AU_NAND2_1 A1U_DFF_2 CLK ;
dbg: - reset_net+ ROUTED metal1 ( 10000 495000 ) ( 10000 480000 )VIA12 ( 10000 480000 )metal2 ( 10000 480000 ) ( 20000 480000 ) ;
dbg: + CONNECTEDrst_nU_DFF_2 RST ;
dbg: - data_out_net+ ROUTED metal3 ( 495000 10000 ) ( 490000 10000 )VIA23 ( 490000 10000 )metal2 ( 490000 10000 ) ( 490000 20000 )metal2 ( 490000 20000 ) ( 480000 20000 ) ;
dbg: + CONNECTEDU_DFF_2 Qdata_out[0] ;
dbg: END NETSSPECIALNETS 2 ;
dbg: - VDD+ USE POWER ;
dbg: + FIXED ;
dbg: + SOURCE CORE ;
dbg: + ROUTED metal1 ( 0 500 ) ( 500000 500 ) W 1000metal1 ( 0 499500 ) ( 500000 499500 ) W 1000 ;
dbg: + CONNECTEDU_INV_0 VDDU_NAND2_1 VDDU_DFF_2 VDDVDD_pad VDD ;
dbg: - VSS+ USE GROUND ;
dbg: + FIXED ;
dbg: + SOURCE CORE ;
dbg: + ROUTED metal1 ( 0 0 ) ( 500000 0 ) W 1000metal1 ( 0 499000 ) ( 500000 499000 ) W 1000 ;
dbg: + CONNECTEDU_INV_0 VSSU_NAND2_1 VSSU_DFF_2 VSS ;
dbg: END SPECIALNETSFILL 2 ;
dbg: - RECT metal1 ( 10000 10000 ) ( 20000 20000 ) ;
dbg: - FILL_CELL_0 FILLER_X1+ PLACED ( 2000 0 ) N ;
dbg: END FILLVIAS 1 ;
dbg: - my_custom_via+ RECT metal1 ( 0 0 ) ( 100 100 ) ;
dbg: + RECT VIA_CUT_LAYER ( 0 0 ) ( 100 100 ) ;
dbg: + RECT metal2 ( 0 0 ) ( 100 100 ) ;
dbg: END VIASTRACKSX 0 DO 500 BY 1000 LAYER metal1 metal3 ;
dbg: Y 0 DO 500 BY 1000 LAYER metal2 metal4 ;
dbg: END TRACKSGCELLGRIDX 0 DO 50 BY 10000Y 0 DO 50 BY 10000 ;
dbg: END GCELLGRIDREGIONS 1 ;
dbg: - core_region+ TYPE FENCE ;
dbg: + RECT ( 10000 10000 ) ( 480000 480000 ) ;
dbg: END REGIONSGROUPS 1 ;
dbg: - group_logic+ COMPONENTSU_INV_0 U_NAND2_1 U_OR2_3 ;
dbg: + REGION core_region ;
dbg: END GROUPSBLOCKAGES 2 ;
dbg: - placement_blockage_0+ PLACEMENT ;
dbg: + RECT ( 50000 50000 ) ( 60000 60000 ) ;
dbg: - routing_blockage_0+ ROUTING metal1 ;
dbg: + RECT ( 70000 70000 ) ( 80000 80000 ) ;
{}
