******************************
******************************
********** Comment ***********
******************************
******************************


   max_delay/setup ('clk1' group)
 
                      Required        Actual
   Endpoint           Path Delay      Path Delay          Slack
   ------------------------------------------------------------
   clk1_short_name1   6.6036          12.4733             -5.8697  (VIOLATED)
   clk1_long_name1    
                      11.6807         17.4380             -5.7573  (VIOLATED)
   clk1_long_name2    
                      10.6807         17.4380             -6.7573  (VIOLATED)
 
 
   max_delay/setup ('clk2' group)
 
                      Required        Actual
   Endpoint           Path Delay      Path Delay          Slack
   ------------------------------------------------------------
   clk2_short_name1   6.6036          13.4733             -6.8697  (VIOLATED)
   clk2_long_name1    
                      12.6807         18.4380             -5.7573  (VIOLATED)
   clk2_long_name2    
                      11.6807         15.4380             -3.7573  (VIOLATED)
 
 
   max_capacitance
 
                      Required        Actual
   Pin                Capacitance     Capacitance         Slack
   ------------------------------------------------------------
   short_pin1         0.5326          1.5555              -1.0229  (VIOLATED)
   long_pin1          
                      0.4326          2.5555              -2.1229  (VIOLATED)
   long_pin2          
                      0.4326          1.1234              -0.6908  (VIOLATED)
 
 
   clock_tree_pulse_width 
 
                      Required        Actual
   Pin                min period      min period          Slack                   
   -------------------------------------------------------------------------------
   clk_period (high)  1.1813          0.5087              -0.6727  (VIOLATED)     
   clk_period_2l (high)
                      0.3717         -0.2594              -0.6311  (VIOLATED)     
   clk_period_3l (high)
                      0.2026          0.1609              -0.0417  
                                                                   (VIOLATED)     
   clk2_period (high) 
                      0.2055          0.1667              -0.0389  (VIOLATED)     
   clk2_period_2l (high)
                      0.2050          0.1683              -0.0367  (VIOLATED)     
   clk2_period (low)  
                      1.1813          0.5087              -0.6927  (VIOLATED)     
   clk2_period_3l (low)
                      0.2026          0.1609              -0.0417  
                                                                   (VIOLATED)     
 
 
   sequential_clock_min_period
 
                      Required        Actual
   Pin                min period      min period          Slack                   
   -------------------------------------------------------------------------------
   clk_period   
                      2.1813          0.5087              -1.6727  (VIOLATED)     
   clk_period_2l 
                      0.3717         -0.2594              -0.6311  (VIOLATED)     
   clk_period_3l 
                      0.2026          0.1609              -0.0417  
                                                                   (VIOLATED)     
   clk2_period  
                      0.2055          0.1667              -0.0389  (VIOLATED)     
   clk2_period_2l 
                      0.2050          0.1683              -0.0367  (VIOLATED)     
   clk2_period   
                      1.1813          0.5087              -0.6727  (VIOLATED)     
   clk2_period_3l 
                      0.2026          0.1609              -0.0417  
                                                                   (VIOLATED)     


1
