
====== Block: chip_top1, Result: PASS

--- [Summary]
+----+-------+----------+---------------+-------------+------------+
| ID | Check | Clk      | Path          | RouteRule   | 2W2S Ratio |
+----+-------+----------+---------------+-------------+------------+
| 0  | PASS  | func_clk | S:func_clk_in | rm_2w2s (1) | 100.00%    |
|    |       |          | E:U_DFF_2/CLK |             |            |
+----+-------+----------+---------------+-------------+------------+

--- [UNIT] : MICRONS
--- [DR]   : {W:0.050,S:0.050}

--- [NDR] rm_2w2s: {
    M1:{W:0.100,S:0.100},M2:{W:0.100,S:0.100},M3:{W:0.100,S:0.100},M4:{W:0.100,S:0.100},
    M5:{W:0.100,S:0.100},M6:{W:0.100,S:0.120},M7:{W:1.000,S:1.000},AP:{W:4.000,S:4.000},
}}

--- [NDR] SNPS_DefGenNDR_2: {
    M1:{W:0.110},M2:{W:0.110},M3:{W:0.110},M4:{W:0.140},
    M5:{W:0.110},M6:{W:0.090},
}}

--- [PATH-0]
S: func_clk_in    (startpoint)
N: clk_net        (rm_2w2s)
E: U_DFF_2/CLK    (endpoint)

